Determining if the pthread_create exist failed with the following output:
Change Dir: /home/edf/ROS/edf/catkin_ws/build/CMakeFiles/CMakeTmp

Run Build Command:/usr/bin/make "cmTryCompileExec3603170643/fast"
/usr/bin/make -f CMakeFiles/cmTryCompileExec3603170643.dir/build.make CMakeFiles/cmTryCompileExec3603170643.dir/build
make[1]: Entering directory `/home/edf/ROS/edf/catkin_ws/build/CMakeFiles/CMakeTmp'
/usr/bin/cmake -E cmake_progress_report /home/edf/ROS/edf/catkin_ws/build/CMakeFiles/CMakeTmp/CMakeFiles 1
Building C object CMakeFiles/cmTryCompileExec3603170643.dir/CheckSymbolExists.c.o
/usr/bin/cc    -o CMakeFiles/cmTryCompileExec3603170643.dir/CheckSymbolExists.c.o   -c /home/edf/ROS/edf/catkin_ws/build/CMakeFiles/CMakeTmp/CheckSymbolExists.c
Linking C executable cmTryCompileExec3603170643
/usr/bin/cmake -E cmake_link_script CMakeFiles/cmTryCompileExec3603170643.dir/link.txt --verbose=1
/usr/bin/cc       CMakeFiles/cmTryCompileExec3603170643.dir/CheckSymbolExists.c.o  -o cmTryCompileExec3603170643 -rdynamic 
CMakeFiles/cmTryCompileExec3603170643.dir/CheckSymbolExists.c.o: In function `main':
CheckSymbolExists.c:(.text+0xe): undefined reference to `pthread_create'
CheckSymbolExists.c:(.text+0x12): undefined reference to `pthread_create'
collect2: error: ld returned 1 exit status
make[1]: *** [cmTryCompileExec3603170643] Error 1
make[1]: Leaving directory `/home/edf/ROS/edf/catkin_ws/build/CMakeFiles/CMakeTmp'
make: *** [cmTryCompileExec3603170643/fast] Error 2

File /home/edf/ROS/edf/catkin_ws/build/CMakeFiles/CMakeTmp/CheckSymbolExists.c:
/* */
#include <pthread.h>

int main(int argc, char** argv)
{
  (void)argv;
#ifndef pthread_create
  return ((int*)(&pthread_create))[argc];
#else
  (void)argc;
  return 0;
#endif
}

Determining if the function pthread_create exists in the pthreads failed with the following output:
Change Dir: /home/edf/ROS/edf/catkin_ws/build/CMakeFiles/CMakeTmp

Run Build Command:/usr/bin/make "cmTryCompileExec3417157924/fast"
/usr/bin/make -f CMakeFiles/cmTryCompileExec3417157924.dir/build.make CMakeFiles/cmTryCompileExec3417157924.dir/build
make[1]: Entering directory `/home/edf/ROS/edf/catkin_ws/build/CMakeFiles/CMakeTmp'
/usr/bin/cmake -E cmake_progress_report /home/edf/ROS/edf/catkin_ws/build/CMakeFiles/CMakeTmp/CMakeFiles 1
Building C object CMakeFiles/cmTryCompileExec3417157924.dir/CheckFunctionExists.c.o
/usr/bin/cc   -DCHECK_FUNCTION_EXISTS=pthread_create   -o CMakeFiles/cmTryCompileExec3417157924.dir/CheckFunctionExists.c.o   -c /usr/share/cmake-2.8/Modules/CheckFunctionExists.c
Linking C executable cmTryCompileExec3417157924
/usr/bin/cmake -E cmake_link_script CMakeFiles/cmTryCompileExec3417157924.dir/link.txt --verbose=1
/usr/bin/cc   -DCHECK_FUNCTION_EXISTS=pthread_create    CMakeFiles/cmTryCompileExec3417157924.dir/CheckFunctionExists.c.o  -o cmTryCompileExec3417157924 -rdynamic -lpthreads 
/usr/bin/ld: cannot find -lpthreads
collect2: error: ld returned 1 exit status
make[1]: Leaving directory `/home/edf/ROS/edf/catkin_ws/build/CMakeFiles/CMakeTmp'
make[1]: *** [cmTryCompileExec3417157924] Error 1
make: *** [cmTryCompileExec3417157924/fast] Error 2


